<?xml version="1.0" encoding="UTF-8" ?>
<testsuite tests="11" failures="0" name="JacksumTest" time="3.472" errors="0" skipped="0">
  <properties>
[...]
</properties>
  <testcase classname="JacksumTest" name="CRCPlainText" time="0.11"/>
  <testcase classname="JacksumTest" name="CRCRecursiveCall" time="1.32"/>
  <testcase classname="JacksumTest" name="AllalgoPass" time="0.936"/>
  <testcase classname="JacksumTest" name="customDateFormat" time="0.072"/>
  <testcase classname="JacksumTest" name="NoAlgoTest" time="0.001"/>
  <testcase classname="JacksumTest" name="AlgoWithoutAltPass" time="0.025"/>
  <testcase classname="JacksumTest" name="HexInputTest" time="0.007"/>
  <testcase classname="JacksumTest" name="verboseModeTest" time="0.914"/>
  <testcase classname="JacksumTest" name="MD5OutputToFile" time="0.056"/>
  <testcase classname="JacksumTest" name="CRCGenericTestPass" time="0.017"/>
  <testcase classname="JacksumTest" name="DirIgnoreTest" time="0.014"/>
</testsuite>